# JRE version: OpenJDK Runtime Environment Microsoft-11369865 (17.0.15+6) (build 17.0.15+6-LTS)
# Java VM: OpenJDK 64-Bit Server VM Microsoft-11369865 (17.0.15+6-LTS, mixed mode, sharing, tiered, compressed oops, compressed class ptrs, g1 gc, windows-amd64)
GC Precious Log:
 CPUs: 12 total, 12 available
 Memory: 14020M
 Large Page Support: Disabled
 NUMA Support: Disabled
 Compressed Oops: Enabled (32-bit)
 Heap Region Size: 1M
 Heap Min Capacity: 8M
 Heap Initial Capacity: 220M
 Heap Max Capacity: 2G
 Pre-touch: Disabled
 Parallel Workers: 10
 Concurrent Workers: 3
 Concurrent Refinement Workers: 10
 Periodic GC: Disabled
Heap:
 garbage-first heap   total 315392K, used 221800K [0x0000000080000000, 0x0000000100000000)
  region size 1024K, 38 young (38912K), 7 survivors (7168K)
 Metaspace       used 106561K, committed 107904K, reserved 557056K
  class space    used 14850K, committed 15488K, reserved 425984K
GC Heap History (20 events):
Event: 61.441 GC heap before
{Heap before GC invocations=83 (full 0):
 garbage-first heap   total 189440K, used 161648K [0x0000000080000000, 0x0000000100000000)
  region size 1024K, 9 young (9216K), 2 survivors (2048K)
 Metaspace       used 103800K, committed 105024K, reserved 557056K
  class space    used 14536K, committed 15168K, reserved 425984K
}
Event: 61.443 GC heap after
{Heap after GC invocations=84 (full 0):
 garbage-first heap   total 244736K, used 156749K [0x0000000080000000, 0x0000000100000000)
  region size 1024K, 2 young (2048K), 2 survivors (2048K)
 Metaspace       used 103800K, committed 105024K, reserved 557056K
  class space    used 14536K, committed 15168K, reserved 425984K
}
Event: 61.634 GC heap before
{Heap before GC invocations=84 (full 0):
 garbage-first heap   total 244736K, used 196685K [0x0000000080000000, 0x0000000100000000)
  region size 1024K, 42 young (43008K), 2 survivors (2048K)
 Metaspace       used 103809K, committed 105024K, reserved 557056K
  class space    used 14536K, committed 15168K, reserved 425984K
}
Event: 61.637 GC heap after
{Heap after GC invocations=85 (full 0):
 garbage-first heap   total 244736K, used 158459K [0x0000000080000000, 0x0000000100000000)
  region size 1024K, 4 young (4096K), 4 survivors (4096K)
 Metaspace       used 103809K, committed 105024K, reserved 557056K
  class space    used 14536K, committed 15168K, reserved 425984K
}
Event: 63.488 GC heap before
{Heap before GC invocations=85 (full 0):
 garbage-first heap   total 244736K, used 198395K [0x0000000080000000, 0x0000000100000000)
  region size 1024K, 44 young (45056K), 4 survivors (4096K)
 Metaspace       used 105130K, committed 106304K, reserved 557056K
  class space    used 14660K, committed 15232K, reserved 425984K
}
Event: 63.493 GC heap after
{Heap after GC invocations=86 (full 0):
 garbage-first heap   total 244736K, used 161026K [0x0000000080000000, 0x0000000100000000)
  region size 1024K, 6 young (6144K), 6 survivors (6144K)
 Metaspace       used 105130K, committed 106304K, reserved 557056K
  class space    used 14660K, committed 15232K, reserved 425984K
}
Event: 63.672 GC heap before
{Heap before GC invocations=86 (full 0):
 garbage-first heap   total 244736K, used 198914K [0x0000000080000000, 0x0000000100000000)
  region size 1024K, 44 young (45056K), 6 survivors (6144K)
 Metaspace       used 105151K, committed 106368K, reserved 557056K
  class space    used 14660K, committed 15232K, reserved 425984K
}
Event: 63.677 GC heap after
{Heap after GC invocations=87 (full 0):
 garbage-first heap   total 244736K, used 165607K [0x0000000080000000, 0x0000000100000000)
  region size 1024K, 5 young (5120K), 5 survivors (5120K)
 Metaspace       used 105151K, committed 106368K, reserved 557056K
  class space    used 14660K, committed 15232K, reserved 425984K
}
Event: 63.786 GC heap before
{Heap before GC invocations=87 (full 0):
 garbage-first heap   total 244736K, used 201447K [0x0000000080000000, 0x0000000100000000)
  region size 1024K, 41 young (41984K), 5 survivors (5120K)
 Metaspace       used 105151K, committed 106368K, reserved 557056K
  class space    used 14660K, committed 15232K, reserved 425984K
}
Event: 63.789 GC heap after
{Heap after GC invocations=88 (full 0):
 garbage-first heap   total 244736K, used 166612K [0x0000000080000000, 0x0000000100000000)
  region size 1024K, 4 young (4096K), 4 survivors (4096K)
 Metaspace       used 105151K, committed 106368K, reserved 557056K
  class space    used 14660K, committed 15232K, reserved 425984K
}
Event: 63.886 GC heap before
{Heap before GC invocations=88 (full 0):
 garbage-first heap   total 244736K, used 202452K [0x0000000080000000, 0x0000000100000000)
  region size 1024K, 40 young (40960K), 4 survivors (4096K)
 Metaspace       used 105151K, committed 106368K, reserved 557056K
  class space    used 14660K, committed 15232K, reserved 425984K
}
Event: 63.889 GC heap after
{Heap after GC invocations=89 (full 0):
 garbage-first heap   total 244736K, used 167091K [0x0000000080000000, 0x0000000100000000)
  region size 1024K, 3 young (3072K), 3 survivors (3072K)
 Metaspace       used 105151K, committed 106368K, reserved 557056K
  class space    used 14660K, committed 15232K, reserved 425984K
}
Event: 63.990 GC heap before
{Heap before GC invocations=89 (full 0):
 garbage-first heap   total 244736K, used 204979K [0x0000000080000000, 0x0000000100000000)
  region size 1024K, 41 young (41984K), 3 survivors (3072K)
 Metaspace       used 105151K, committed 106368K, reserved 557056K
  class space    used 14660K, committed 15232K, reserved 425984K
}
Event: 63.993 GC heap after
{Heap after GC invocations=90 (full 0):
 garbage-first heap   total 315392K, used 167813K [0x0000000080000000, 0x0000000100000000)
  region size 1024K, 4 young (4096K), 4 survivors (4096K)
 Metaspace       used 105151K, committed 106368K, reserved 557056K
  class space    used 14660K, committed 15232K, reserved 425984K
}
Event: 67.263 GC heap before
{Heap before GC invocations=90 (full 0):
 garbage-first heap   total 315392K, used 257925K [0x0000000080000000, 0x0000000100000000)
  region size 1024K, 89 young (91136K), 4 survivors (4096K)
 Metaspace       used 106394K, committed 107712K, reserved 557056K
  class space    used 14828K, committed 15488K, reserved 425984K
}
Event: 67.271 GC heap after
{Heap after GC invocations=91 (full 0):
 garbage-first heap   total 315392K, used 181625K [0x0000000080000000, 0x0000000100000000)
  region size 1024K, 12 young (12288K), 12 survivors (12288K)
 Metaspace       used 106394K, committed 107712K, reserved 557056K
  class space    used 14828K, committed 15488K, reserved 425984K
}
Event: 68.392 GC heap before
{Heap before GC invocations=91 (full 0):
 garbage-first heap   total 315392K, used 254329K [0x0000000080000000, 0x0000000100000000)
  region size 1024K, 84 young (86016K), 12 survivors (12288K)
 Metaspace       used 106395K, committed 107712K, reserved 557056K
  class space    used 14828K, committed 15488K, reserved 425984K
}
Event: 68.399 GC heap after
{Heap after GC invocations=92 (full 0):
 garbage-first heap   total 315392K, used 185915K [0x0000000080000000, 0x0000000100000000)
  region size 1024K, 6 young (6144K), 6 survivors (6144K)
 Metaspace       used 106395K, committed 107712K, reserved 557056K
  class space    used 14828K, committed 15488K, reserved 425984K
}
Event: 68.586 GC heap before
{Heap before GC invocations=92 (full 0):
 garbage-first heap   total 315392K, used 257595K [0x0000000080000000, 0x0000000100000000)
  region size 1024K, 77 young (78848K), 6 survivors (6144K)
 Metaspace       used 106395K, committed 107712K, reserved 557056K
  class space    used 14828K, committed 15488K, reserved 425984K
}
Event: 68.589 GC heap after
{Heap after GC invocations=93 (full 0):
 garbage-first heap   total 315392K, used 186984K [0x0000000080000000, 0x0000000100000000)
  region size 1024K, 7 young (7168K), 7 survivors (7168K)
 Metaspace       used 106395K, committed 107712K, reserved 557056K
  class space    used 14828K, committed 15488K, reserved 425984K
}

